#
# There is insufficient memory for the Java Runtime Environment to continue.
# Native memory allocation (malloc) failed to allocate 1770224 bytes for Chunk::new
# Possible reasons:
#   The system is out of physical RAM or swap space
#   The process is running with CompressedOops enabled, and the Java Heap may be blocking the growth of the native heap
# Possible solutions:
#   Reduce memory load on the system
#   Increase physical memory or swap space
#   Check if swap backing store is full
#   Decrease Java heap size (-Xmx/-Xms)
#   Decrease number of Java threads
#   Decrease Java thread stack sizes (-Xss)
#   Set larger code cache with -XX:ReservedCodeCacheSize=
#   JVM is running with Unscaled Compressed Oops mode in which the Java heap is
#     placed in the first 4GB address space. The Java Heap base address is the
#     maximum limit for the native heap growth. Please use -XX:HeapBaseMinAddress
#     to set the Java Heap base and to place the Java Heap above 4GB virtual address.
# This output file may be truncated or incomplete.
#
#  Out of Memory Error (arena.cpp:189), pid=164, tid=1756
#
# JRE version: Java(TM) SE Runtime Environment (17.0.12+8) (build 17.0.12+8-LTS-286)
# Java VM: Java HotSpot(TM) 64-Bit Server VM (17.0.12+8-LTS-286, mixed mode, sharing, tiered, compressed oops, compressed class ptrs, g1 gc, windows-amd64)
# No core dump will be written. Minidumps are not enabled by default on client versions of Windows
#

---------------  S U M M A R Y ------------

Command Line: -agentlib:jdwp=transport=dt_socket,address=127.0.0.1:55304,suspend=y,server=n -javaagent:C:\Users\ADMIN\AppData\Local\JetBrains\IdeaIC2025.2\captureAgent\debugger-agent.jar=file:///C:/Users/ADMIN/AppData/Local/Temp/capture889218310213975257.props -agentpath:C:\Users\ADMIN\AppData\Local\Temp\idea_libasyncProfiler_dll_temp_folder\libasyncProfiler.dll=version,jfr,event=wall,interval=10ms,cstack=no,file=C:\Users\ADMIN\IdeaSnapshots\CustomerDetailsApplication_2025_09_11_035737.jfr,dbghelppath=C:\Users\ADMIN\AppData\Local\Temp\idea_dbghelp_dll_temp_folder1\dbghelp.dll,log=C:\Users\ADMIN\AppData\Local\Temp\CustomerDetailsApplication_2025_09_11_035737.jfr.log.txt,logLevel=DEBUG -Dkotlinx.coroutines.debug.enable.creation.stack.trace=false -Ddebugger.agent.enable.coroutines=true -Dkotlinx.coroutines.debug.enable.flows.stack.trace=true -Dkotlinx.coroutines.debug.enable.mutable.state.flows.stack.trace=true -Dfile.encoding=UTF-8 com.example.CustomerDetailsApplication

Host: 11th Gen Intel(R) Core(TM) i5-1155G7 @ 2.50GHz, 8 cores, 7G,  Windows 11 , 64 bit Build 22621 (10.0.22621.3958)
Time: Thu Sep 11 03:57:40 2025 Pacific Daylight Time elapsed time: 2.327612 seconds (0d 0h 0m 2s)

---------------  T H R E A D  ---------------

Current thread (0x000001d3fe1c5a80):  JavaThread "C2 CompilerThread1" daemon [_thread_in_native, id=1756, stack(0x000000a113600000,0x000000a113700000)]


Current CompileTask:
C2:   2359 1742       4       java.lang.invoke.MethodType::makeImpl (109 bytes)

Stack: [0x000000a113600000,0x000000a113700000]
Native frames: (J=compiled Java code, j=interpreted, Vv=VM code, C=native code)
V  [jvm.dll+0x67a04a]
V  [jvm.dll+0x7da4ed]
V  [jvm.dll+0x7dbe33]
V  [jvm.dll+0x7dc4a3]
V  [jvm.dll+0x24508f]
V  [jvm.dll+0xab773]
V  [jvm.dll+0xabd3c]
V  [jvm.dll+0x361bee]
V  [jvm.dll+0x1ba64a]
V  [jvm.dll+0x216997]
V  [jvm.dll+0x215c6f]
V  [jvm.dll+0x1a2960]
V  [jvm.dll+0x22610b]
V  [jvm.dll+0x2242ab]
V  [jvm.dll+0x79075c]
V  [jvm.dll+0x78abea]
V  [jvm.dll+0x678f35]
C  [ucrtbase.dll+0x29333]
C  [KERNEL32.DLL+0x1257d]
C  [ntdll.dll+0x5af08]


---------------  P R O C E S S  ---------------

Threads class SMR info:
_java_thread_list=0x000001d3ff015dc0, length=18, elements={
0x000001d3dd38e2e0, 0x000001d3e6f5aac0, 0x000001d3e6f5d970, 0x000001d3e6f795e0,
0x000001d3fdd0cf50, 0x000001d3fdd0d820, 0x000001d3e6f7a2a0, 0x000001d3e6f83290,
0x000001d3e6f8bf80, 0x000001d3e6f8c890, 0x000001d3fde20410, 0x000001d3fde85660,
0x000001d3fde98da0, 0x000001d3fdf97c70, 0x000001d3fdf4a8f0, 0x000001d3fe1a05a0,
0x000001d3fe1c5a80, 0x000001d3fed73010
}

Java Threads: ( => current thread )
  0x000001d3dd38e2e0 JavaThread "main" [_thread_in_Java, id=12448, stack(0x000000a111f00000,0x000000a112000000)]
  0x000001d3e6f5aac0 JavaThread "Reference Handler" daemon [_thread_blocked, id=4360, stack(0x000000a112600000,0x000000a112700000)]
  0x000001d3e6f5d970 JavaThread "Finalizer" daemon [_thread_blocked, id=13392, stack(0x000000a112700000,0x000000a112800000)]
  0x000001d3e6f795e0 JavaThread "Signal Dispatcher" daemon [_thread_blocked, id=22860, stack(0x000000a112800000,0x000000a112900000)]
  0x000001d3fdd0cf50 JavaThread "Attach Listener" daemon [_thread_blocked, id=19872, stack(0x000000a112900000,0x000000a112a00000)]
  0x000001d3fdd0d820 JavaThread "Service Thread" daemon [_thread_blocked, id=15540, stack(0x000000a112a00000,0x000000a112b00000)]
  0x000001d3e6f7a2a0 JavaThread "Monitor Deflation Thread" daemon [_thread_blocked, id=24676, stack(0x000000a112b00000,0x000000a112c00000)]
  0x000001d3e6f83290 JavaThread "C2 CompilerThread0" daemon [_thread_in_native, id=23488, stack(0x000000a112c00000,0x000000a112d00000)]
  0x000001d3e6f8bf80 JavaThread "C1 CompilerThread0" daemon [_thread_in_native, id=7776, stack(0x000000a112d00000,0x000000a112e00000)]
  0x000001d3e6f8c890 JavaThread "Sweeper thread" daemon [_thread_blocked, id=20392, stack(0x000000a112e00000,0x000000a112f00000)]
  0x000001d3fde20410 JavaThread "Common-Cleaner" daemon [_thread_blocked, id=18084, stack(0x000000a112f00000,0x000000a113000000)]
  0x000001d3fde85660 JavaThread "JDWP Transport Listener: dt_socket" daemon [_thread_blocked, id=8376, stack(0x000000a113000000,0x000000a113100000)]
  0x000001d3fde98da0 JavaThread "JDWP Event Helper Thread" daemon [_thread_in_vm, id=25024, stack(0x000000a113100000,0x000000a113200000)]
  0x000001d3fdf97c70 JavaThread "JDWP Command Reader" daemon [_thread_in_native, id=23284, stack(0x000000a113200000,0x000000a113300000)]
  0x000001d3fdf4a8f0 JavaThread "IntelliJ Suspend Helper" daemon [_thread_blocked, id=18968, stack(0x000000a113300000,0x000000a113400000)]
  0x000001d3fe1a05a0 JavaThread "Notification Thread" daemon [_thread_blocked, id=19536, stack(0x000000a113400000,0x000000a113500000)]
=>0x000001d3fe1c5a80 JavaThread "C2 CompilerThread1" daemon [_thread_in_native, id=1756, stack(0x000000a113600000,0x000000a113700000)]
  0x000001d3fed73010 JavaThread "background-preinit" [_thread_in_vm, id=21780, stack(0x000000a113e00000,0x000000a113f00000)]

Other Threads:
  0x000001d3e6f5a0c0 VMThread "VM Thread" [stack: 0x000000a112500000,0x000000a112600000] [id=23708]
  0x000001d3fe19fcd0 WatcherThread [stack: 0x000000a113500000,0x000000a113600000] [id=21688]
  0x000001d3e6e47b30 GCTaskThread "GC Thread#0" [stack: 0x000000a112000000,0x000000a112100000] [id=22232]
  0x000001d3fef243d0 GCTaskThread "GC Thread#1" [stack: 0x000000a113700000,0x000000a113800000] [id=11896]
  0x000001d3fee37360 GCTaskThread "GC Thread#2" [stack: 0x000000a113800000,0x000000a113900000] [id=3236]
  0x000001d3fee7a230 GCTaskThread "GC Thread#3" [stack: 0x000000a113900000,0x000000a113a00000] [id=17072]
  0x000001d3fee7a4f0 GCTaskThread "GC Thread#4" [stack: 0x000000a113a00000,0x000000a113b00000] [id=21604]
  0x000001d3fee7baf0 GCTaskThread "GC Thread#5" [stack: 0x000000a113b00000,0x000000a113c00000] [id=5636]
  0x000001d3fee7aa70 GCTaskThread "GC Thread#6" [stack: 0x000000a113c00000,0x000000a113d00000] [id=22044]
  0x000001d3fee7a7b0 GCTaskThread "GC Thread#7" [stack: 0x000000a113d00000,0x000000a113e00000] [id=21872]
  0x000001d3e6e581a0 ConcurrentGCThread "G1 Main Marker" [stack: 0x000000a112100000,0x000000a112200000] [id=16088]
  0x000001d3e6e58bb0 ConcurrentGCThread "G1 Conc#0" [stack: 0x000000a112200000,0x000000a112300000] [id=12528]
  0x000001d3e6ed8da0 ConcurrentGCThread "G1 Refine#0" [stack: 0x000000a112300000,0x000000a112400000] [id=14200]
  0x000001d3e6eda6f0 ConcurrentGCThread "G1 Service" [stack: 0x000000a112400000,0x000000a112500000] [id=14980]

Threads with active compile tasks:
C2 CompilerThread0     2492 1942   !   4       java.net.URL::<init> (543 bytes)
C2 CompilerThread1     2492 1742       4       java.lang.invoke.MethodType::makeImpl (109 bytes)

VM state: not at safepoint (normal execution)

VM Mutex/Monitor currently owned by a thread: None

Heap address: 0x0000000085800000, size: 1960 MB, Compressed Oops mode: 32-bit

CDS archive(s) mapped at: [0x000001d380000000-0x000001d380bd0000-0x000001d380bd0000), size 12386304, SharedBaseAddress: 0x000001d380000000, ArchiveRelocationMode: 1.
Compressed class space mapped at: 0x000001d381000000-0x000001d3c1000000, reserved size: 1073741824
Narrow klass base: 0x000001d380000000, Narrow klass shift: 0, Narrow klass range: 0x100000000

GC Precious Log:
 CPUs: 8 total, 8 available
 Memory: 7834M
 Large Page Support: Disabled
 NUMA Support: Disabled
 Compressed Oops: Enabled (32-bit)
 Heap Region Size: 1M
 Heap Min Capacity: 8M
 Heap Initial Capacity: 124M
 Heap Max Capacity: 1960M
 Pre-touch: Disabled
 Parallel Workers: 8
 Concurrent Workers: 2
 Concurrent Refinement Workers: 8
 Periodic GC: Disabled

Heap:
 garbage-first heap   total 126976K, used 23624K [0x0000000085800000, 0x0000000100000000)
  region size 1024K, 21 young (21504K), 2 survivors (2048K)
 Metaspace       used 19384K, committed 19712K, reserved 1114112K
  class space    used 2282K, committed 2432K, reserved 1048576K

Heap Regions: E=young(eden), S=young(survivor), O=old, HS=humongous(starts), HC=humongous(continues), CS=collection set, F=free, OA=open archive, CA=closed archive, TAMS=top-at-mark-start (previous, next)
|   0|0x0000000085800000, 0x0000000085900000, 0x0000000085900000|100%| O|  |TAMS 0x0000000085800000, 0x0000000085800000| Untracked 
|   1|0x0000000085900000, 0x0000000085a00000, 0x0000000085a00000|100%| O|  |TAMS 0x0000000085900000, 0x0000000085900000| Untracked 
|   2|0x0000000085a00000, 0x0000000085b00000, 0x0000000085b00000|100%| O|  |TAMS 0x0000000085a00000, 0x0000000085a00000| Untracked 
|   3|0x0000000085b00000, 0x0000000085c00000, 0x0000000085c00000|100%| O|  |TAMS 0x0000000085b00000, 0x0000000085b00000| Untracked 
|   4|0x0000000085c00000, 0x0000000085c18800, 0x0000000085d00000|  9%| O|  |TAMS 0x0000000085c00000, 0x0000000085c00000| Untracked 
|   5|0x0000000085d00000, 0x0000000085d00000, 0x0000000085e00000|  0%| F|  |TAMS 0x0000000085d00000, 0x0000000085d00000| Untracked 
|   6|0x0000000085e00000, 0x0000000085e00000, 0x0000000085f00000|  0%| F|  |TAMS 0x0000000085e00000, 0x0000000085e00000| Untracked 
|   7|0x0000000085f00000, 0x0000000085f00000, 0x0000000086000000|  0%| F|  |TAMS 0x0000000085f00000, 0x0000000085f00000| Untracked 
|   8|0x0000000086000000, 0x0000000086000000, 0x0000000086100000|  0%| F|  |TAMS 0x0000000086000000, 0x0000000086000000| Untracked 
|   9|0x0000000086100000, 0x0000000086100000, 0x0000000086200000|  0%| F|  |TAMS 0x0000000086100000, 0x0000000086100000| Untracked 
|  10|0x0000000086200000, 0x0000000086200000, 0x0000000086300000|  0%| F|  |TAMS 0x0000000086200000, 0x0000000086200000| Untracked 
|  11|0x0000000086300000, 0x0000000086300000, 0x0000000086400000|  0%| F|  |TAMS 0x0000000086300000, 0x0000000086300000| Untracked 
|  12|0x0000000086400000, 0x0000000086400000, 0x0000000086500000|  0%| F|  |TAMS 0x0000000086400000, 0x0000000086400000| Untracked 
|  13|0x0000000086500000, 0x0000000086500000, 0x0000000086600000|  0%| F|  |TAMS 0x0000000086500000, 0x0000000086500000| Untracked 
|  14|0x0000000086600000, 0x0000000086600000, 0x0000000086700000|  0%| F|  |TAMS 0x0000000086600000, 0x0000000086600000| Untracked 
|  15|0x0000000086700000, 0x0000000086700000, 0x0000000086800000|  0%| F|  |TAMS 0x0000000086700000, 0x0000000086700000| Untracked 
|  16|0x0000000086800000, 0x0000000086800000, 0x0000000086900000|  0%| F|  |TAMS 0x0000000086800000, 0x0000000086800000| Untracked 
|  17|0x0000000086900000, 0x0000000086900000, 0x0000000086a00000|  0%| F|  |TAMS 0x0000000086900000, 0x0000000086900000| Untracked 
|  18|0x0000000086a00000, 0x0000000086a00000, 0x0000000086b00000|  0%| F|  |TAMS 0x0000000086a00000, 0x0000000086a00000| Untracked 
|  19|0x0000000086b00000, 0x0000000086b00000, 0x0000000086c00000|  0%| F|  |TAMS 0x0000000086b00000, 0x0000000086b00000| Untracked 
|  20|0x0000000086c00000, 0x0000000086c00000, 0x0000000086d00000|  0%| F|  |TAMS 0x0000000086c00000, 0x0000000086c00000| Untracked 
|  21|0x0000000086d00000, 0x0000000086d00000, 0x0000000086e00000|  0%| F|  |TAMS 0x0000000086d00000, 0x0000000086d00000| Untracked 
|  22|0x0000000086e00000, 0x0000000086e00000, 0x0000000086f00000|  0%| F|  |TAMS 0x0000000086e00000, 0x0000000086e00000| Untracked 
|  23|0x0000000086f00000, 0x0000000086f00000, 0x0000000087000000|  0%| F|  |TAMS 0x0000000086f00000, 0x0000000086f00000| Untracked 
|  24|0x0000000087000000, 0x0000000087000000, 0x0000000087100000|  0%| F|  |TAMS 0x0000000087000000, 0x0000000087000000| Untracked 
|  25|0x0000000087100000, 0x0000000087100000, 0x0000000087200000|  0%| F|  |TAMS 0x0000000087100000, 0x0000000087100000| Untracked 
|  26|0x0000000087200000, 0x0000000087200000, 0x0000000087300000|  0%| F|  |TAMS 0x0000000087200000, 0x0000000087200000| Untracked 
|  27|0x0000000087300000, 0x0000000087300000, 0x0000000087400000|  0%| F|  |TAMS 0x0000000087300000, 0x0000000087300000| Untracked 
|  28|0x0000000087400000, 0x0000000087400000, 0x0000000087500000|  0%| F|  |TAMS 0x0000000087400000, 0x0000000087400000| Untracked 
|  29|0x0000000087500000, 0x0000000087500000, 0x0000000087600000|  0%| F|  |TAMS 0x0000000087500000, 0x0000000087500000| Untracked 
|  30|0x0000000087600000, 0x0000000087600000, 0x0000000087700000|  0%| F|  |TAMS 0x0000000087600000, 0x0000000087600000| Untracked 
|  31|0x0000000087700000, 0x0000000087700000, 0x0000000087800000|  0%| F|  |TAMS 0x0000000087700000, 0x0000000087700000| Untracked 
|  32|0x0000000087800000, 0x0000000087800000, 0x0000000087900000|  0%| F|  |TAMS 0x0000000087800000, 0x0000000087800000| Untracked 
|  33|0x0000000087900000, 0x0000000087900000, 0x0000000087a00000|  0%| F|  |TAMS 0x0000000087900000, 0x0000000087900000| Untracked 
|  34|0x0000000087a00000, 0x0000000087a00000, 0x0000000087b00000|  0%| F|  |TAMS 0x0000000087a00000, 0x0000000087a00000| Untracked 
|  35|0x0000000087b00000, 0x0000000087b00000, 0x0000000087c00000|  0%| F|  |TAMS 0x0000000087b00000, 0x0000000087b00000| Untracked 
|  36|0x0000000087c00000, 0x0000000087c00000, 0x0000000087d00000|  0%| F|  |TAMS 0x0000000087c00000, 0x0000000087c00000| Untracked 
|  37|0x0000000087d00000, 0x0000000087d00000, 0x0000000087e00000|  0%| F|  |TAMS 0x0000000087d00000, 0x0000000087d00000| Untracked 
|  38|0x0000000087e00000, 0x0000000087e00000, 0x0000000087f00000|  0%| F|  |TAMS 0x0000000087e00000, 0x0000000087e00000| Untracked 
|  39|0x0000000087f00000, 0x0000000087f00000, 0x0000000088000000|  0%| F|  |TAMS 0x0000000087f00000, 0x0000000087f00000| Untracked 
|  40|0x0000000088000000, 0x0000000088000000, 0x0000000088100000|  0%| F|  |TAMS 0x0000000088000000, 0x0000000088000000| Untracked 
|  41|0x0000000088100000, 0x0000000088100000, 0x0000000088200000|  0%| F|  |TAMS 0x0000000088100000, 0x0000000088100000| Untracked 
|  42|0x0000000088200000, 0x0000000088200000, 0x0000000088300000|  0%| F|  |TAMS 0x0000000088200000, 0x0000000088200000| Untracked 
|  43|0x0000000088300000, 0x0000000088300000, 0x0000000088400000|  0%| F|  |TAMS 0x0000000088300000, 0x0000000088300000| Untracked 
|  44|0x0000000088400000, 0x0000000088400000, 0x0000000088500000|  0%| F|  |TAMS 0x0000000088400000, 0x0000000088400000| Untracked 
|  45|0x0000000088500000, 0x0000000088500000, 0x0000000088600000|  0%| F|  |TAMS 0x0000000088500000, 0x0000000088500000| Untracked 
|  46|0x0000000088600000, 0x0000000088600000, 0x0000000088700000|  0%| F|  |TAMS 0x0000000088600000, 0x0000000088600000| Untracked 
|  47|0x0000000088700000, 0x0000000088700000, 0x0000000088800000|  0%| F|  |TAMS 0x0000000088700000, 0x0000000088700000| Untracked 
|  48|0x0000000088800000, 0x0000000088800000, 0x0000000088900000|  0%| F|  |TAMS 0x0000000088800000, 0x0000000088800000| Untracked 
|  49|0x0000000088900000, 0x0000000088900000, 0x0000000088a00000|  0%| F|  |TAMS 0x0000000088900000, 0x0000000088900000| Untracked 
|  50|0x0000000088a00000, 0x0000000088a00000, 0x0000000088b00000|  0%| F|  |TAMS 0x0000000088a00000, 0x0000000088a00000| Untracked 
|  51|0x0000000088b00000, 0x0000000088b00000, 0x0000000088c00000|  0%| F|  |TAMS 0x0000000088b00000, 0x0000000088b00000| Untracked 
|  52|0x0000000088c00000, 0x0000000088c00000, 0x0000000088d00000|  0%| F|  |TAMS 0x0000000088c00000, 0x0000000088c00000| Untracked 
|  53|0x0000000088d00000, 0x0000000088d00000, 0x0000000088e00000|  0%| F|  |TAMS 0x0000000088d00000, 0x0000000088d00000| Untracked 
|  54|0x0000000088e00000, 0x0000000088e00000, 0x0000000088f00000|  0%| F|  |TAMS 0x0000000088e00000, 0x0000000088e00000| Untracked 
|  55|0x0000000088f00000, 0x0000000088f00000, 0x0000000089000000|  0%| F|  |TAMS 0x0000000088f00000, 0x0000000088f00000| Untracked 
|  56|0x0000000089000000, 0x0000000089000000, 0x0000000089100000|  0%| F|  |TAMS 0x0000000089000000, 0x0000000089000000| Untracked 
|  57|0x0000000089100000, 0x0000000089100000, 0x0000000089200000|  0%| F|  |TAMS 0x0000000089100000, 0x0000000089100000| Untracked 
|  58|0x0000000089200000, 0x0000000089200000, 0x0000000089300000|  0%| F|  |TAMS 0x0000000089200000, 0x0000000089200000| Untracked 
|  59|0x0000000089300000, 0x0000000089300000, 0x0000000089400000|  0%| F|  |TAMS 0x0000000089300000, 0x0000000089300000| Untracked 
|  60|0x0000000089400000, 0x0000000089400000, 0x0000000089500000|  0%| F|  |TAMS 0x0000000089400000, 0x0000000089400000| Untracked 
|  61|0x0000000089500000, 0x0000000089500000, 0x0000000089600000|  0%| F|  |TAMS 0x0000000089500000, 0x0000000089500000| Untracked 
|  62|0x0000000089600000, 0x0000000089600000, 0x0000000089700000|  0%| F|  |TAMS 0x0000000089600000, 0x0000000089600000| Untracked 
|  63|0x0000000089700000, 0x0000000089700000, 0x0000000089800000|  0%| F|  |TAMS 0x0000000089700000, 0x0000000089700000| Untracked 
|  64|0x0000000089800000, 0x0000000089800000, 0x0000000089900000|  0%| F|  |TAMS 0x0000000089800000, 0x0000000089800000| Untracked 
|  65|0x0000000089900000, 0x0000000089900000, 0x0000000089a00000|  0%| F|  |TAMS 0x0000000089900000, 0x0000000089900000| Untracked 
|  66|0x0000000089a00000, 0x0000000089a00000, 0x0000000089b00000|  0%| F|  |TAMS 0x0000000089a00000, 0x0000000089a00000| Untracked 
|  67|0x0000000089b00000, 0x0000000089b00000, 0x0000000089c00000|  0%| F|  |TAMS 0x0000000089b00000, 0x0000000089b00000| Untracked 
|  68|0x0000000089c00000, 0x0000000089c00000, 0x0000000089d00000|  0%| F|  |TAMS 0x0000000089c00000, 0x0000000089c00000| Untracked 
|  69|0x0000000089d00000, 0x0000000089d00000, 0x0000000089e00000|  0%| F|  |TAMS 0x0000000089d00000, 0x0000000089d00000| Untracked 
|  70|0x0000000089e00000, 0x0000000089e00000, 0x0000000089f00000|  0%| F|  |TAMS 0x0000000089e00000, 0x0000000089e00000| Untracked 
|  71|0x0000000089f00000, 0x0000000089f00000, 0x000000008a000000|  0%| F|  |TAMS 0x0000000089f00000, 0x0000000089f00000| Untracked 
|  72|0x000000008a000000, 0x000000008a000000, 0x000000008a100000|  0%| F|  |TAMS 0x000000008a000000, 0x000000008a000000| Untracked 
|  73|0x000000008a100000, 0x000000008a100000, 0x000000008a200000|  0%| F|  |TAMS 0x000000008a100000, 0x000000008a100000| Untracked 
|  74|0x000000008a200000, 0x000000008a200000, 0x000000008a300000|  0%| F|  |TAMS 0x000000008a200000, 0x000000008a200000| Untracked 
|  75|0x000000008a300000, 0x000000008a300000, 0x000000008a400000|  0%| F|  |TAMS 0x000000008a300000, 0x000000008a300000| Untracked 
|  76|0x000000008a400000, 0x000000008a400000, 0x000000008a500000|  0%| F|  |TAMS 0x000000008a400000, 0x000000008a400000| Untracked 
|  77|0x000000008a500000, 0x000000008a500000, 0x000000008a600000|  0%| F|  |TAMS 0x000000008a500000, 0x000000008a500000| Untracked 
|  78|0x000000008a600000, 0x000000008a600000, 0x000000008a700000|  0%| F|  |TAMS 0x000000008a600000, 0x000000008a600000| Untracked 
|  79|0x000000008a700000, 0x000000008a700000, 0x000000008a800000|  0%| F|  |TAMS 0x000000008a700000, 0x000000008a700000| Untracked 
|  80|0x000000008a800000, 0x000000008a800000, 0x000000008a900000|  0%| F|  |TAMS 0x000000008a800000, 0x000000008a800000| Untracked 
|  81|0x000000008a900000, 0x000000008a900000, 0x000000008aa00000|  0%| F|  |TAMS 0x000000008a900000, 0x000000008a900000| Untracked 
|  82|0x000000008aa00000, 0x000000008aa00000, 0x000000008ab00000|  0%| F|  |TAMS 0x000000008aa00000, 0x000000008aa00000| Untracked 
|  83|0x000000008ab00000, 0x000000008ab00000, 0x000000008ac00000|  0%| F|  |TAMS 0x000000008ab00000, 0x000000008ab00000| Untracked 
|  84|0x000000008ac00000, 0x000000008ac00000, 0x000000008ad00000|  0%| F|  |TAMS 0x000000008ac00000, 0x000000008ac00000| Untracked 
|  85|0x000000008ad00000, 0x000000008ad00000, 0x000000008ae00000|  0%| F|  |TAMS 0x000000008ad00000, 0x000000008ad00000| Untracked 
|  86|0x000000008ae00000, 0x000000008ae00000, 0x000000008af00000|  0%| F|  |TAMS 0x000000008ae00000, 0x000000008ae00000| Untracked 
|  87|0x000000008af00000, 0x000000008af00000, 0x000000008b000000|  0%| F|  |TAMS 0x000000008af00000, 0x000000008af00000| Untracked 
|  88|0x000000008b000000, 0x000000008b000000, 0x000000008b100000|  0%| F|  |TAMS 0x000000008b000000, 0x000000008b000000| Untracked 
|  89|0x000000008b100000, 0x000000008b100000, 0x000000008b200000|  0%| F|  |TAMS 0x000000008b100000, 0x000000008b100000| Untracked 
|  90|0x000000008b200000, 0x000000008b2f9ae0, 0x000000008b300000| 97%| S|CS|TAMS 0x000000008b200000, 0x000000008b200000| Complete 
|  91|0x000000008b300000, 0x000000008b400000, 0x000000008b400000|100%| S|CS|TAMS 0x000000008b300000, 0x000000008b300000| Complete 
|  92|0x000000008b400000, 0x000000008b400000, 0x000000008b500000|  0%| F|  |TAMS 0x000000008b400000, 0x000000008b400000| Untracked 
|  93|0x000000008b500000, 0x000000008b500000, 0x000000008b600000|  0%| F|  |TAMS 0x000000008b500000, 0x000000008b500000| Untracked 
|  94|0x000000008b600000, 0x000000008b600000, 0x000000008b700000|  0%| F|  |TAMS 0x000000008b600000, 0x000000008b600000| Untracked 
|  95|0x000000008b700000, 0x000000008b700000, 0x000000008b800000|  0%| F|  |TAMS 0x000000008b700000, 0x000000008b700000| Untracked 
|  96|0x000000008b800000, 0x000000008b800000, 0x000000008b900000|  0%| F|  |TAMS 0x000000008b800000, 0x000000008b800000| Untracked 
|  97|0x000000008b900000, 0x000000008b900000, 0x000000008ba00000|  0%| F|  |TAMS 0x000000008b900000, 0x000000008b900000| Untracked 
|  98|0x000000008ba00000, 0x000000008ba00000, 0x000000008bb00000|  0%| F|  |TAMS 0x000000008ba00000, 0x000000008ba00000| Untracked 
|  99|0x000000008bb00000, 0x000000008bb00000, 0x000000008bc00000|  0%| F|  |TAMS 0x000000008bb00000, 0x000000008bb00000| Untracked 
| 100|0x000000008bc00000, 0x000000008bc00000, 0x000000008bd00000|  0%| F|  |TAMS 0x000000008bc00000, 0x000000008bc00000| Untracked 
| 101|0x000000008bd00000, 0x000000008bd00000, 0x000000008be00000|  0%| F|  |TAMS 0x000000008bd00000, 0x000000008bd00000| Untracked 
| 102|0x000000008be00000, 0x000000008be00000, 0x000000008bf00000|  0%| F|  |TAMS 0x000000008be00000, 0x000000008be00000| Untracked 
| 103|0x000000008bf00000, 0x000000008bf00000, 0x000000008c000000|  0%| F|  |TAMS 0x000000008bf00000, 0x000000008bf00000| Untracked 
| 104|0x000000008c000000, 0x000000008c000000, 0x000000008c100000|  0%| F|  |TAMS 0x000000008c000000, 0x000000008c000000| Untracked 
| 105|0x000000008c100000, 0x000000008c16eda8, 0x000000008c200000| 43%| E|  |TAMS 0x000000008c100000, 0x000000008c100000| Complete 
| 106|0x000000008c200000, 0x000000008c300000, 0x000000008c300000|100%| E|CS|TAMS 0x000000008c200000, 0x000000008c200000| Complete 
| 107|0x000000008c300000, 0x000000008c400000, 0x000000008c400000|100%| E|CS|TAMS 0x000000008c300000, 0x000000008c300000| Complete 
| 108|0x000000008c400000, 0x000000008c500000, 0x000000008c500000|100%| E|CS|TAMS 0x000000008c400000, 0x000000008c400000| Complete 
| 109|0x000000008c500000, 0x000000008c600000, 0x000000008c600000|100%| E|CS|TAMS 0x000000008c500000, 0x000000008c500000| Complete 
| 110|0x000000008c600000, 0x000000008c700000, 0x000000008c700000|100%| E|CS|TAMS 0x000000008c600000, 0x000000008c600000| Complete 
| 111|0x000000008c700000, 0x000000008c800000, 0x000000008c800000|100%| E|CS|TAMS 0x000000008c700000, 0x000000008c700000| Complete 
| 112|0x000000008c800000, 0x000000008c900000, 0x000000008c900000|100%| E|CS|TAMS 0x000000008c800000, 0x000000008c800000| Complete 
| 113|0x000000008c900000, 0x000000008ca00000, 0x000000008ca00000|100%| E|CS|TAMS 0x000000008c900000, 0x000000008c900000| Complete 
| 114|0x000000008ca00000, 0x000000008cb00000, 0x000000008cb00000|100%| E|CS|TAMS 0x000000008ca00000, 0x000000008ca00000| Complete 
| 115|0x000000008cb00000, 0x000000008cc00000, 0x000000008cc00000|100%| E|CS|TAMS 0x000000008cb00000, 0x000000008cb00000| Complete 
| 116|0x000000008cc00000, 0x000000008cd00000, 0x000000008cd00000|100%| E|CS|TAMS 0x000000008cc00000, 0x000000008cc00000| Complete 
| 117|0x000000008cd00000, 0x000000008ce00000, 0x000000008ce00000|100%| E|CS|TAMS 0x000000008cd00000, 0x000000008cd00000| Complete 
| 118|0x000000008ce00000, 0x000000008cf00000, 0x000000008cf00000|100%| E|CS|TAMS 0x000000008ce00000, 0x000000008ce00000| Complete 
| 119|0x000000008cf00000, 0x000000008d000000, 0x000000008d000000|100%| E|CS|TAMS 0x000000008cf00000, 0x000000008cf00000| Complete 
| 120|0x000000008d000000, 0x000000008d100000, 0x000000008d100000|100%| E|CS|TAMS 0x000000008d000000, 0x000000008d000000| Complete 
| 121|0x000000008d100000, 0x000000008d200000, 0x000000008d200000|100%| E|  |TAMS 0x000000008d100000, 0x000000008d100000| Complete 
| 122|0x000000008d200000, 0x000000008d300000, 0x000000008d300000|100%| E|CS|TAMS 0x000000008d200000, 0x000000008d200000| Complete 
| 123|0x000000008d300000, 0x000000008d400000, 0x000000008d400000|100%| E|CS|TAMS 0x000000008d300000, 0x000000008d300000| Complete 

Card table byte_map: [0x000001d3f6dd0000,0x000001d3f71b0000] _byte_map_base: 0x000001d3f69a4000

Marking Bits (Prev, Next): (CMBitMap*) 0x000001d3e6e48150, (CMBitMap*) 0x000001d3e6e48190
 Prev Bits: [0x000001d3f7590000, 0x000001d3f9430000)
 Next Bits: [0x000001d3f9430000, 0x000001d3fb2d0000)

Polling page: 0x000001d3dd390000

Metaspace:

Usage:
  Non-class:     16.74 MB used.
      Class:      2.24 MB used.
       Both:     18.98 MB used.

Virtual space:
  Non-class space:       64.00 MB reserved,      16.88 MB ( 26%) committed,  1 nodes.
      Class space:        1.00 GB reserved,       2.38 MB ( <1%) committed,  1 nodes.
             Both:        1.06 GB reserved,      19.25 MB (  2%) committed. 

Chunk freelists:
   Non-Class:  15.12 MB
       Class:  13.64 MB
        Both:  28.77 MB

MaxMetaspaceSize: unlimited
CompressedClassSpaceSize: 1.00 GB
Initial GC threshold: 21.00 MB
Current GC threshold: 21.00 MB
CDS: on
MetaspaceReclaimPolicy: balanced
 - commit_granule_bytes: 65536.
 - commit_granule_words: 8192.
 - virtual_space_node_default_size: 8388608.
 - enlarge_chunks_in_place: 1.
 - new_chunks_are_fully_committed: 0.
 - uncommit_free_chunks: 1.
 - use_allocation_guard: 0.
 - handle_deallocations: 1.


Internal statistics:

num_allocs_failed_limit: 0.
num_arena_births: 336.
num_arena_deaths: 0.
num_vsnodes_births: 2.
num_vsnodes_deaths: 0.
num_space_committed: 308.
num_space_uncommitted: 0.
num_chunks_returned_to_freelist: 0.
num_chunks_taken_from_freelist: 842.
num_chunk_merges: 0.
num_chunk_splits: 584.
num_chunks_enlarged: 446.
num_inconsistent_stats: 0.

CodeHeap 'non-profiled nmethods': size=120000Kb used=908Kb max_used=908Kb free=119091Kb
 bounds [0x000001d3eea60000, 0x000001d3eecd0000, 0x000001d3f5f90000]
CodeHeap 'profiled nmethods': size=120000Kb used=4578Kb max_used=4578Kb free=115421Kb
 bounds [0x000001d3e6f90000, 0x000001d3e7410000, 0x000001d3ee4c0000]
CodeHeap 'non-nmethods': size=5760Kb used=1274Kb max_used=1310Kb free=4485Kb
 bounds [0x000001d3ee4c0000, 0x000001d3ee730000, 0x000001d3eea60000]
 total_blobs=2458 nmethods=1963 adapters=407
 compilation: enabled
              stopped_count=0, restarted_count=0
 full_count=0

Compilation events (20 events):
Event: 2.293 Thread 0x000001d3e6f8bf80 1909       1       org.springframework.core.annotation.MergedAnnotations$Search::lambda$static$1 (2 bytes)
Event: 2.293 Thread 0x000001d3e6f8bf80 nmethod 1909 0x000001d3eeb36890 code [0x000001d3eeb36a20, 0x000001d3eeb36ad8]
Event: 2.295 Thread 0x000001d3e6f8bf80 1910       3       java.lang.Class::getInterfaces (6 bytes)
Event: 2.296 Thread 0x000001d3e6f8bf80 nmethod 1910 0x000001d3e73d7210 code [0x000001d3e73d73a0, 0x000001d3e73d74e8]
Event: 2.296 Thread 0x000001d3e6f8bf80 1911       3       java.util.LinkedHashMap$LinkedKeyIterator::next (8 bytes)
Event: 2.296 Thread 0x000001d3e6f8bf80 nmethod 1911 0x000001d3e73d7590 code [0x000001d3e73d7740, 0x000001d3e73d78a8]
Event: 2.296 Thread 0x000001d3e6f8bf80 1912       3       ch.qos.logback.classic.LoggerContext::getTurboFilterChainDecision_0_3OrMore (31 bytes)
Event: 2.296 Thread 0x000001d3e6f8bf80 nmethod 1912 0x000001d3e73d7a10 code [0x000001d3e73d7bc0, 0x000001d3e73d7ee8]
Event: 2.296 Thread 0x000001d3e6f8bf80 1913       1       ch.qos.logback.classic.spi.LogbackServiceProvider::getLoggerFactory (5 bytes)
Event: 2.296 Thread 0x000001d3e6f8bf80 nmethod 1913 0x000001d3eeb36b90 code [0x000001d3eeb36d20, 0x000001d3eeb36df8]
Event: 2.297 Thread 0x000001d3e6f8bf80 1914       3       java.util.concurrent.ConcurrentHashMap$Traverser::<init> (36 bytes)
Event: 2.298 Thread 0x000001d3e6f8bf80 nmethod 1914 0x000001d3e73d8110 code [0x000001d3e73d82a0, 0x000001d3e73d8498]
Event: 2.305 Thread 0x000001d3e6f83290 nmethod 1743 0x000001d3eeb36e90 code [0x000001d3eeb37080, 0x000001d3eeb38288]
Event: 2.305 Thread 0x000001d3e6f83290 1902       4       org.springframework.core.annotation.AttributeMethods::size (6 bytes)
Event: 2.306 Thread 0x000001d3e6f83290 nmethod 1902 0x000001d3eeb39590 code [0x000001d3eeb39700, 0x000001d3eeb39798]
Event: 2.306 Thread 0x000001d3e6f83290 1879       4       jdk.internal.loader.URLClassPath$JarLoader$2::getCodeSourceURL (8 bytes)
Event: 2.306 Thread 0x000001d3e6f83290 nmethod 1879 0x000001d3eeb39890 code [0x000001d3eeb39a00, 0x000001d3eeb39a98]
Event: 2.306 Thread 0x000001d3e6f83290 1861       4       jdk.internal.access.SharedSecrets::getJavaLangAccess (4 bytes)
Event: 2.307 Thread 0x000001d3e6f83290 nmethod 1861 0x000001d3eeb39b90 code [0x000001d3eeb39d00, 0x000001d3eeb39d78]
Event: 2.307 Thread 0x000001d3e6f83290 1821 % !   4       java.util.concurrent.ConcurrentHashMap::transfer @ 96 (849 bytes)

GC Heap History (4 events):
Event: 1.256 GC heap before
{Heap before GC invocations=0 (full 0):
 garbage-first heap   total 126976K, used 22528K [0x0000000085800000, 0x0000000100000000)
  region size 1024K, 23 young (23552K), 0 survivors (0K)
 Metaspace       used 8538K, committed 8704K, reserved 1114112K
  class space    used 876K, committed 960K, reserved 1048576K
}
Event: 1.263 GC heap after
{Heap after GC invocations=1 (full 0):
 garbage-first heap   total 126976K, used 4197K [0x0000000085800000, 0x0000000100000000)
  region size 1024K, 3 young (3072K), 3 survivors (3072K)
 Metaspace       used 8538K, committed 8704K, reserved 1114112K
  class space    used 876K, committed 960K, reserved 1048576K
}
Event: 2.190 GC heap before
{Heap before GC invocations=1 (full 0):
 garbage-first heap   total 126976K, used 32869K [0x0000000085800000, 0x0000000100000000)
  region size 1024K, 32 young (32768K), 3 survivors (3072K)
 Metaspace       used 15449K, committed 15744K, reserved 1114112K
  class space    used 1772K, committed 1920K, reserved 1048576K
}
Event: 2.196 GC heap after
{Heap after GC invocations=2 (full 0):
 garbage-first heap   total 126976K, used 6216K [0x0000000085800000, 0x0000000100000000)
  region size 1024K, 2 young (2048K), 2 survivors (2048K)
 Metaspace       used 15449K, committed 15744K, reserved 1114112K
  class space    used 1772K, committed 1920K, reserved 1048576K
}

Deoptimization events (20 events):
Event: 2.233 Thread 0x000001d3fed73010 DEOPT PACKING pc=0x000001d3eea7c460 sp=0x000000a113efdae0
Event: 2.233 Thread 0x000001d3fed73010 DEOPT UNPACKING pc=0x000001d3ee515ba3 sp=0x000000a113efda28 mode 2
Event: 2.233 Thread 0x000001d3fed73010 Uncommon trap: trap_request=0xffffff45 fr.pc=0x000001d3eea7d21c relative=0x00000000000003fc
Event: 2.233 Thread 0x000001d3fed73010 Uncommon trap: reason=unstable_if action=reinterpret pc=0x000001d3eea7d21c method=java.lang.AbstractStringBuilder.isLatin1()Z @ 10 c2
Event: 2.233 Thread 0x000001d3fed73010 DEOPT PACKING pc=0x000001d3eea7d21c sp=0x000000a113efdb00
Event: 2.233 Thread 0x000001d3fed73010 DEOPT UNPACKING pc=0x000001d3ee515ba3 sp=0x000000a113efdaa0 mode 2
Event: 2.235 Thread 0x000001d3dd38e2e0 Uncommon trap: trap_request=0xffffff45 fr.pc=0x000001d3eead887c relative=0x00000000000002dc
Event: 2.235 Thread 0x000001d3dd38e2e0 Uncommon trap: reason=unstable_if action=reinterpret pc=0x000001d3eead887c method=jdk.internal.org.objectweb.asm.SymbolTable.put(Ljdk/internal/org/objectweb/asm/SymbolTable$Entry;)Ljdk/internal/org/objectweb/asm/SymbolTable$Entry; @ 13 c2
Event: 2.235 Thread 0x000001d3dd38e2e0 DEOPT PACKING pc=0x000001d3eead887c sp=0x000000a111ffd280
Event: 2.235 Thread 0x000001d3dd38e2e0 DEOPT UNPACKING pc=0x000001d3ee515ba3 sp=0x000000a111ffd210 mode 2
Event: 2.238 Thread 0x000001d3fed73010 Uncommon trap: trap_request=0xffffff45 fr.pc=0x000001d3eeabd748 relative=0x0000000000000048
Event: 2.238 Thread 0x000001d3fed73010 Uncommon trap: reason=unstable_if action=reinterpret pc=0x000001d3eeabd748 method=java.lang.CharacterData.of(I)Ljava/lang/CharacterData; @ 4 c2
Event: 2.238 Thread 0x000001d3fed73010 DEOPT PACKING pc=0x000001d3eeabd748 sp=0x000000a113efd2b0
Event: 2.238 Thread 0x000001d3fed73010 DEOPT UNPACKING pc=0x000001d3ee515ba3 sp=0x000000a113efd248 mode 2
Event: 2.308 Thread 0x000001d3dd38e2e0 DEOPT PACKING pc=0x000001d3e70e94fc sp=0x000000a111ffd520
Event: 2.308 Thread 0x000001d3dd38e2e0 DEOPT UNPACKING pc=0x000001d3ee5166e3 sp=0x000000a111ffc9b8 mode 1
Event: 2.308 Thread 0x000001d3dd38e2e0 DEOPT PACKING pc=0x000001d3e70e89dc sp=0x000000a111ffd5f0
Event: 2.308 Thread 0x000001d3dd38e2e0 DEOPT UNPACKING pc=0x000001d3ee5166e3 sp=0x000000a111ffcaa8 mode 1
Event: 2.308 Thread 0x000001d3dd38e2e0 DEOPT PACKING pc=0x000001d3e739a5c4 sp=0x000000a111ffe000
Event: 2.308 Thread 0x000001d3dd38e2e0 DEOPT UNPACKING pc=0x000001d3ee5166e3 sp=0x000000a111ffd4f0 mode 1

Classes unloaded (0 events):
No events

Classes redefined (1 events):
Event: 0.287 Thread 0x000001d3e6f5a0c0 redefined class name=java.lang.Throwable, count=1

Internal exceptions (20 events):
Event: 1.570 Thread 0x000001d3dd38e2e0 Exception <a 'java/lang/NoSuchMethodError'{0x000000008ccfb330}: 'int java.lang.invoke.DirectMethodHandle$Holder.invokeStaticInit(java.lang.Object, double, double)'> (0x000000008ccfb330) 
thrown [s\open\src\hotspot\share\interpreter\linkResolver.cpp, line 759]
Event: 1.570 Thread 0x000001d3dd38e2e0 Exception <a 'java/lang/NoSuchMethodError'{0x000000008ccffbc8}: 'int java.lang.invoke.DirectMethodHandle$Holder.invokeStatic(java.lang.Object, long)'> (0x000000008ccffbc8) 
thrown [s\open\src\hotspot\share\interpreter\linkResolver.cpp, line 759]
Event: 1.576 Thread 0x000001d3dd38e2e0 Exception <a 'java/lang/NoSuchMethodError'{0x000000008cb24d10}: 'int java.lang.invoke.Invokers$Holder.linkToTargetMethod(java.lang.Object, java.lang.Object)'> (0x000000008cb24d10) 
thrown [s\open\src\hotspot\share\interpreter\linkResolver.cpp, line 759]
Event: 1.602 Thread 0x000001d3dd38e2e0 Exception <a 'java/lang/NoSuchMethodError'{0x000000008cbb68b8}: 'java.lang.Object java.lang.invoke.DirectMethodHandle$Holder.invokeSpecial(java.lang.Object, java.lang.Object, java.lang.Object, int, java.lang.Object)'> (0x000000008cbb68b8) 
thrown [s\open\src\hotspot\share\interpreter\linkResolver.cpp, line 759]
Event: 1.604 Thread 0x000001d3dd38e2e0 Exception <a 'java/lang/NoSuchMethodError'{0x000000008cbbee40}: 'java.lang.Object java.lang.invoke.DirectMethodHandle$Holder.newInvokeSpecial(java.lang.Object, java.lang.Object, java.lang.Object, int, java.lang.Object)'> (0x000000008cbbee40) 
thrown [s\open\src\hotspot\share\interpreter\linkResolver.cpp, line 759]
Event: 1.606 Thread 0x000001d3dd38e2e0 Exception <a 'java/lang/NoSuchMethodError'{0x000000008cbc6830}: 'java.lang.Object java.lang.invoke.Invokers$Holder.linkToTargetMethod(java.lang.Object, java.lang.Object, int, java.lang.Object, java.lang.Object)'> (0x000000008cbc6830) 
thrown [s\open\src\hotspot\share\interpreter\linkResolver.cpp, line 759]
Event: 1.608 Thread 0x000001d3dd38e2e0 Exception <a 'java/lang/NoSuchMethodError'{0x000000008cbd6ca8}: 'java.lang.Object java.lang.invoke.DirectMethodHandle$Holder.newInvokeSpecial(java.lang.Object, int, java.lang.Object)'> (0x000000008cbd6ca8) 
thrown [s\open\src\hotspot\share\interpreter\linkResolver.cpp, line 759]
Event: 1.609 Thread 0x000001d3dd38e2e0 Exception <a 'java/lang/NoSuchMethodError'{0x000000008cbdb798}: 'int java.lang.invoke.DirectMethodHandle$Holder.invokeSpecialIFC(java.lang.Object, java.lang.Object, java.lang.Object, java.lang.Object)'> (0x000000008cbdb798) 
thrown [s\open\src\hotspot\share\interpreter\linkResolver.cpp, line 759]
Event: 1.644 Thread 0x000001d3dd38e2e0 Exception <a 'java/lang/NoSuchMethodError'{0x000000008ca97ff0}: 'void java.lang.invoke.DirectMethodHandle$Holder.invokeInterface(java.lang.Object, java.lang.Object, java.lang.Object)'> (0x000000008ca97ff0) 
thrown [s\open\src\hotspot\share\interpreter\linkResolver.cpp, line 759]
Event: 1.672 Thread 0x000001d3dd38e2e0 Exception <a 'java/lang/NoSuchMethodError'{0x000000008c91c1e0}: 'void java.lang.invoke.DirectMethodHandle$Holder.invokeStaticInit(java.lang.Object, java.lang.Object, java.lang.Object)'> (0x000000008c91c1e0) 
thrown [s\open\src\hotspot\share\interpreter\linkResolver.cpp, line 759]
Event: 1.680 Thread 0x000001d3dd38e2e0 Exception <a 'java/lang/NoSuchMethodError'{0x000000008c93f400}: 'java.lang.Object java.lang.invoke.DirectMethodHandle$Holder.invokeVirtual(java.lang.Object, java.lang.Object, java.lang.Object)'> (0x000000008c93f400) 
thrown [s\open\src\hotspot\share\interpreter\linkResolver.cpp, line 759]
Event: 1.724 Thread 0x000001d3dd38e2e0 Exception <a 'java/lang/NoSuchMethodError'{0x000000008c822258}: 'java.lang.Object java.lang.invoke.DirectMethodHandle$Holder.newInvokeSpecial(java.lang.Object, long)'> (0x000000008c822258) 
thrown [s\open\src\hotspot\share\interpreter\linkResolver.cpp, line 759]
Event: 1.726 Thread 0x000001d3dd38e2e0 Exception <a 'java/lang/NoSuchMethodError'{0x000000008c829b10}: 'void java.lang.invoke.DirectMethodHandle$Holder.invokeVirtual(java.lang.Object, java.lang.Object, java.lang.Object, java.lang.Object)'> (0x000000008c829b10) 
thrown [s\open\src\hotspot\share\interpreter\linkResolver.cpp, line 759]
Event: 1.761 Thread 0x000001d3dd38e2e0 Exception <a 'java/lang/NoSuchMethodError'{0x000000008c8ecf50}: 'java.lang.Object java.lang.invoke.DirectMethodHandle$Holder.invokeSpecial(java.lang.Object, java.lang.Object, long, java.lang.Object, java.lang.Object, java.lang.Object, java.lang.Object, java.lang.Object, java.lang.Object)'> (0x000000008c8ecf50) 
thrown [s\open\src\hotspot\share\interpreter\linkResolver.cpp, line 759]
Event: 1.761 Thread 0x000001d3dd38e2e0 Exception <a 'java/lang/NoSuchMethodError'{0x000000008c8f17f0}: 'java.lang.Object java.lang.invoke.DelegatingMethodHandle$Holder.reinvoke_L(java.lang.Object, long, java.lang.Object, java.lang.Object, java.lang.Object, java.lang.Object, java.lang.Object, java.lang.Object)'> (0x000000008c8f17f0) 
thrown [s\open\src\hotspot\share\interpreter\linkResolver.cpp, line 759]
Event: 1.867 Thread 0x000001d3dd38e2e0 Exception <a 'java/lang/NoSuchMethodError'{0x000000008c51f540}: 'java.lang.Object java.lang.invoke.DirectMethodHandle$Holder.invokeSpecial(java.lang.Object, java.lang.Object, java.lang.Object, java.lang.Object, java.lang.Object, java.lang.Object, java.lang.Object, java.lang.Object, java.lang.Object)'> (0x000000008c51f540) 
thrown [s\open\src\hotspot\share\interpreter\linkResolver.cpp, line 759]
Event: 1.868 Thread 0x000001d3dd38e2e0 Exception <a 'java/lang/NoSuchMethodError'{0x000000008c523e88}: 'java.lang.Object java.lang.invoke.Invokers$Holder.invoke_MT(java.lang.Object, java.lang.Object, java.lang.Object, java.lang.Object, java.lang.Object, java.lang.Object, java.lang.Object, java.lang.Object, java.lang.Object)'> (0x000000008c523e88) 
thrown [s\open\src\hotspot\share\interpreter\linkResolver.cpp, line 759]
Event: 1.868 Thread 0x000001d3fed73010 Exception <a 'java/lang/NoClassDefFoundError'{0x000000008c597f18}: jakarta/validation/Validation> (0x000000008c597f18) 
thrown [s\open\src\hotspot\share\classfile\systemDictionary.cpp, line 245]
Event: 1.897 Thread 0x000001d3dd38e2e0 Exception <a 'java/lang/IncompatibleClassChangeError'{0x000000008c4ae200}: Found class java.lang.Object, but interface was expected> (0x000000008c4ae200) 
thrown [s\open\src\hotspot\share\interpreter\linkResolver.cpp, line 826]
Event: 2.129 Thread 0x000001d3dd38e2e0 Exception <a 'java/lang/NoSuchMethodError'{0x000000008b5c02a0}: 'java.lang.Object java.lang.invoke.DirectMethodHandle$Holder.invokeStatic(java.lang.Object, int, java.lang.Object)'> (0x000000008b5c02a0) 
thrown [s\open\src\hotspot\share\interpreter\linkResolver.cpp, line 759]

VM Operations (20 events):
Event: 0.774 Executing VM operation: HandshakeAllThreads
Event: 0.774 Executing VM operation: HandshakeAllThreads done
Event: 1.154 Executing VM operation: HandshakeAllThreads
Event: 1.154 Executing VM operation: HandshakeAllThreads done
Event: 1.255 Executing VM operation: G1CollectForAllocation
Event: 1.264 Executing VM operation: G1CollectForAllocation done
Event: 1.550 Executing VM operation: HandshakeAllThreads
Event: 1.550 Executing VM operation: HandshakeAllThreads done
Event: 1.633 Executing VM operation: HandshakeAllThreads
Event: 1.633 Executing VM operation: HandshakeAllThreads done
Event: 1.855 Executing VM operation: HandshakeAllThreads
Event: 1.855 Executing VM operation: HandshakeAllThreads done
Event: 1.855 Executing VM operation: HandshakeAllThreads
Event: 1.855 Executing VM operation: HandshakeAllThreads done
Event: 1.867 Executing VM operation: ICBufferFull
Event: 1.867 Executing VM operation: ICBufferFull done
Event: 2.190 Executing VM operation: G1CollectForAllocation
Event: 2.200 Executing VM operation: G1CollectForAllocation done
Event: 2.239 Executing VM operation: HandshakeAllThreads
Event: 2.239 Executing VM operation: HandshakeAllThreads done

Events (20 events):
Event: 2.316 loading class org/springframework/util/StringValueResolver
Event: 2.316 loading class org/springframework/util/StringValueResolver done
Event: 2.316 loading class org/springframework/beans/factory/config/EmbeddedValueResolver
Event: 2.316 loading class org/springframework/beans/factory/config/EmbeddedValueResolver done
Event: 2.317 loading class org/springframework/beans/factory/config/BeanExpressionContext
Event: 2.317 loading class org/springframework/beans/factory/config/BeanExpressionContext done
Event: 2.317 loading class org/springframework/context/ApplicationEventPublisherAware
Event: 2.317 loading class org/springframework/context/ApplicationEventPublisherAware done
Event: 2.319 loading class org/springframework/context/MessageSourceAware
Event: 2.319 loading class org/springframework/context/MessageSourceAware done
Event: 2.320 loading class org/springframework/context/support/ApplicationListenerDetector
Event: 2.320 loading class org/springframework/context/support/ApplicationListenerDetector done
Event: 2.321 loading class org/springframework/boot/web/servlet/context/WebApplicationContextServletContextAwareProcessor
Event: 2.321 loading class org/springframework/boot/web/servlet/context/WebApplicationContextServletContextAwareProcessor done
Event: 2.321 loading class org/springframework/web/context/support/ServletContextAwareProcessor
Event: 2.321 loading class org/springframework/web/context/support/ServletContextAwareProcessor done
Event: 2.322 loading class org/springframework/web/context/ServletContextAware
Event: 2.322 loading class org/springframework/web/context/ServletContextAware done
Event: 2.322 loading class org/springframework/boot/web/servlet/context/ServletWebServerApplicationContext$ExistingWebApplicationScopes
Event: 2.322 loading class org/springframework/boot/web/servlet/context/ServletWebServerApplicationContext$ExistingWebApplicationScopes done


Dynamic libraries:
0x00007ff653900000 - 0x00007ff653910000 	C:\Program Files\Java\jdk-17\bin\java.exe
0x00007ffee68f0000 - 0x00007ffee6b07000 	C:\Windows\SYSTEM32\ntdll.dll
0x00007ffee59b0000 - 0x00007ffee5a74000 	C:\Windows\System32\KERNEL32.DLL
0x00007ffee3d70000 - 0x00007ffee4127000 	C:\Windows\System32\KERNELBASE.dll
0x00007ffee4440000 - 0x00007ffee4551000 	C:\Windows\System32\ucrtbase.dll
0x00007ffec7290000 - 0x00007ffec72a9000 	C:\Program Files\Java\jdk-17\bin\jli.dll
0x00007ffec4240000 - 0x00007ffec425b000 	C:\Program Files\Java\jdk-17\bin\VCRUNTIME140.dll
0x00007ffee67f0000 - 0x00007ffee68a2000 	C:\Windows\System32\ADVAPI32.dll
0x00007ffee4620000 - 0x00007ffee46c7000 	C:\Windows\System32\msvcrt.dll
0x00007ffee5ff0000 - 0x00007ffee6098000 	C:\Windows\System32\sechost.dll
0x00007ffee42f0000 - 0x00007ffee4318000 	C:\Windows\System32\bcrypt.dll
0x00007ffee4a10000 - 0x00007ffee4b24000 	C:\Windows\System32\RPCRT4.dll
0x00007ffee4860000 - 0x00007ffee4a0f000 	C:\Windows\System32\USER32.dll
0x00007ffee4130000 - 0x00007ffee4156000 	C:\Windows\System32\win32u.dll
0x00007ffec6880000 - 0x00007ffec6b13000 	C:\Windows\WinSxS\amd64_microsoft.windows.common-controls_6595b64144ccf1df_6.0.22621.3672_none_2713b9d173822955\COMCTL32.dll
0x00007ffee6620000 - 0x00007ffee6649000 	C:\Windows\System32\GDI32.dll
0x00007ffee4320000 - 0x00007ffee4438000 	C:\Windows\System32\gdi32full.dll
0x00007ffee4250000 - 0x00007ffee42ea000 	C:\Windows\System32\msvcp_win.dll
0x00007ffedc830000 - 0x00007ffedc83a000 	C:\Windows\SYSTEM32\VERSION.dll
0x00007ffee4ec0000 - 0x00007ffee4ef1000 	C:\Windows\System32\IMM32.DLL
0x00007ffede000000 - 0x00007ffede00c000 	C:\Program Files\Java\jdk-17\bin\vcruntime140_1.dll
0x00007ffec0000000 - 0x00007ffec008e000 	C:\Program Files\Java\jdk-17\bin\msvcp140.dll
0x00007ffe704b0000 - 0x00007ffe71090000 	C:\Program Files\Java\jdk-17\bin\server\jvm.dll
0x00007ffee5770000 - 0x00007ffee5778000 	C:\Windows\System32\PSAPI.DLL
0x00007ffedb4f0000 - 0x00007ffedb4f9000 	C:\Windows\SYSTEM32\WSOCK32.dll
0x00007ffee5a80000 - 0x00007ffee5af1000 	C:\Windows\System32\WS2_32.dll
0x00007ffedb480000 - 0x00007ffedb4b4000 	C:\Windows\SYSTEM32\WINMM.dll
0x00007ffee2d00000 - 0x00007ffee2d18000 	C:\Windows\SYSTEM32\kernel.appcore.dll
0x00007ffedb620000 - 0x00007ffedb62a000 	C:\Program Files\Java\jdk-17\bin\jimage.dll
0x00007ffee1490000 - 0x00007ffee16c2000 	C:\Windows\SYSTEM32\DBGHELP.DLL
0x00007ffee5b00000 - 0x00007ffee5e8e000 	C:\Windows\System32\combase.dll
0x00007ffee4780000 - 0x00007ffee4857000 	C:\Windows\System32\OLEAUT32.dll
0x00007ffed7f00000 - 0x00007ffed7f32000 	C:\Windows\SYSTEM32\dbgcore.DLL
0x00007ffee41d0000 - 0x00007ffee424b000 	C:\Windows\System32\bcryptPrimitives.dll
0x00007ffec41f0000 - 0x00007ffec422b000 	C:\Program Files\Java\jdk-17\bin\jdwp.dll
0x00007ffede010000 - 0x00007ffede01e000 	C:\Program Files\Java\jdk-17\bin\instrument.dll
0x00007ffec1060000 - 0x00007ffec1085000 	C:\Program Files\Java\jdk-17\bin\java.dll
0x00007ffe8c830000 - 0x00007ffe8ca41000 	C:\Users\ADMIN\AppData\Local\Temp\idea_libasyncProfiler_dll_temp_folder\libasyncProfiler.dll
0x00007ffec0d00000 - 0x00007ffec0d18000 	C:\Program Files\Java\jdk-17\bin\zip.dll
0x00007ffe9e970000 - 0x00007ffe9ea47000 	C:\Program Files\Java\jdk-17\bin\jsvml.dll
0x00007ffee4f00000 - 0x00007ffee5769000 	C:\Windows\System32\SHELL32.dll
0x00007ffee1b30000 - 0x00007ffee242f000 	C:\Windows\SYSTEM32\windows.storage.dll
0x00007ffee19f0000 - 0x00007ffee1b2f000 	C:\Windows\SYSTEM32\wintypes.dll
0x00007ffee6520000 - 0x00007ffee6619000 	C:\Windows\System32\SHCORE.dll
0x00007ffee66b0000 - 0x00007ffee670e000 	C:\Windows\System32\shlwapi.dll
0x00007ffee3b30000 - 0x00007ffee3b57000 	C:\Windows\SYSTEM32\profapi.dll
0x00007ffedbd10000 - 0x00007ffedbd1c000 	C:\Program Files\Java\jdk-17\bin\dt_socket.dll
0x00007ffee2700000 - 0x00007ffee272d000 	C:\Windows\SYSTEM32\IPHLPAPI.DLL
0x00007ffee3160000 - 0x00007ffee31c9000 	C:\Windows\system32\mswsock.dll
0x00007ffec1a10000 - 0x00007ffec1a29000 	C:\Program Files\Java\jdk-17\bin\net.dll
0x00007ffedc960000 - 0x00007ffedca96000 	C:\Windows\SYSTEM32\WINHTTP.dll
0x00007ffec1040000 - 0x00007ffec1056000 	C:\Program Files\Java\jdk-17\bin\nio.dll

dbghelp: loaded successfully - version: 4.0.5 - missing functions: none
symbol engine: initialized successfully - sym options: 0x614 - pdb path: .;C:\Program Files\Java\jdk-17\bin;C:\Windows\SYSTEM32;C:\Windows\WinSxS\amd64_microsoft.windows.common-controls_6595b64144ccf1df_6.0.22621.3672_none_2713b9d173822955;C:\Program Files\Java\jdk-17\bin\server;C:\Users\ADMIN\AppData\Local\Temp\idea_libasyncProfiler_dll_temp_folder

VM Arguments:
jvm_args: -agentlib:jdwp=transport=dt_socket,address=127.0.0.1:55304,suspend=y,server=n -javaagent:C:\Users\ADMIN\AppData\Local\JetBrains\IdeaIC2025.2\captureAgent\debugger-agent.jar=file:///C:/Users/ADMIN/AppData/Local/Temp/capture889218310213975257.props -agentpath:C:\Users\ADMIN\AppData\Local\Temp\idea_libasyncProfiler_dll_temp_folder\libasyncProfiler.dll=version,jfr,event=wall,interval=10ms,cstack=no,file=C:\Users\ADMIN\IdeaSnapshots\CustomerDetailsApplication_2025_09_11_035737.jfr,dbghelppath=C:\Users\ADMIN\AppData\Local\Temp\idea_dbghelp_dll_temp_folder1\dbghelp.dll,log=C:\Users\ADMIN\AppData\Local\Temp\CustomerDetailsApplication_2025_09_11_035737.jfr.log.txt,logLevel=DEBUG -Dkotlinx.coroutines.debug.enable.creation.stack.trace=false -Ddebugger.agent.enable.coroutines=true -Dkotlinx.coroutines.debug.enable.flows.stack.trace=true -Dkotlinx.coroutines.debug.enable.mutable.state.flows.stack.trace=true -Dfile.encoding=UTF-8 
java_command: com.example.CustomerDetailsApplication
java_class_path (initial): C:\Users\ADMIN\Desktop\java spring project\customer-details\customer-details\target\classes;C:\Users\ADMIN\.m2\repository\org\postgresql\postgresql\42.7.7\postgresql-42.7.7.jar;C:\Users\ADMIN\.m2\repository\org\checkerframework\checker-qual\3.49.3\checker-qual-3.49.3.jar;C:\Users\ADMIN\.m2\repository\org\springframework\boot\spring-boot-starter-web\3.5.5\spring-boot-starter-web-3.5.5.jar;C:\Users\ADMIN\.m2\repository\org\springframework\boot\spring-boot-starter\3.5.5\spring-boot-starter-3.5.5.jar;C:\Users\ADMIN\.m2\repository\org\springframework\boot\spring-boot\3.5.5\spring-boot-3.5.5.jar;C:\Users\ADMIN\.m2\repository\org\springframework\boot\spring-boot-autoconfigure\3.5.5\spring-boot-autoconfigure-3.5.5.jar;C:\Users\ADMIN\.m2\repository\org\springframework\boot\spring-boot-starter-logging\3.5.5\spring-boot-starter-logging-3.5.5.jar;C:\Users\ADMIN\.m2\repository\ch\qos\logback\logback-classic\1.5.18\logback-classic-1.5.18.jar;C:\Users\ADMIN\.m2\repository\ch\qos\logback\logback-core\1.5.18\logback-core-1.5.18.jar;C:\Users\ADMIN\.m2\repository\org\apache\logging\log4j\log4j-to-slf4j\2.24.3\log4j-to-slf4j-2.24.3.jar;C:\Users\ADMIN\.m2\repository\org\apache\logging\log4j\log4j-api\2.24.3\log4j-api-2.24.3.jar;C:\Users\ADMIN\.m2\repository\org\slf4j\jul-to-slf4j\2.0.17\jul-to-slf4j-2.0.17.jar;C:\Users\ADMIN\.m2\repository\jakarta\annotation\jakarta.annotation-api\2.1.1\jakarta.annotation-api-2.1.1.jar;C:\Users\ADMIN\.m2\repository\org\yaml\snakeyaml\2.4\snakeyaml-2.4.jar;C:\Users\ADMIN\.m2\repository\org\springframework\boot\spring-boot-starter-json\3.5.5\spring-boot-starter-json-3.5.5.jar;C:\Users\ADMIN\.m2\repository\com\fasterxml\jackson\core\jackson-databind\2.19.2\jackson-databind-2.19.2.jar;C:\Users\ADMIN\.m2\repository\com\fasterxml\jackson\core\jackson-annotations\2.19.2\jackson-annotations-2.19.2.jar;C:\Users\ADMIN\.m2\repository\com\fasterxml\jackson\core\jackson-core\2.19.2\jackson-core-2.19.2.jar;C:\Users\ADMIN\.m2\repository\co
Launcher Type: SUN_STANDARD

[Global flags]
     intx CICompilerCount                          = 4                                         {product} {ergonomic}
     uint ConcGCThreads                            = 2                                         {product} {ergonomic}
     uint G1ConcRefinementThreads                  = 8                                         {product} {ergonomic}
   size_t G1HeapRegionSize                         = 1048576                                   {product} {ergonomic}
    uintx GCDrainStackTargetSize                   = 64                                        {product} {ergonomic}
   size_t InitialHeapSize                          = 130023424                                 {product} {ergonomic}
   size_t MarkStackSize                            = 4194304                                   {product} {ergonomic}
   size_t MaxHeapSize                              = 2055208960                                {product} {ergonomic}
   size_t MaxNewSize                               = 1233125376                                {product} {ergonomic}
   size_t MinHeapDeltaBytes                        = 1048576                                   {product} {ergonomic}
   size_t MinHeapSize                              = 8388608                                   {product} {ergonomic}
    uintx NonNMethodCodeHeapSize                   = 5839372                                {pd product} {ergonomic}
    uintx NonProfiledCodeHeapSize                  = 122909434                              {pd product} {ergonomic}
    uintx ProfiledCodeHeapSize                     = 122909434                              {pd product} {ergonomic}
    uintx ReservedCodeCacheSize                    = 251658240                              {pd product} {ergonomic}
     bool SegmentedCodeCache                       = true                                      {product} {ergonomic}
   size_t SoftMaxHeapSize                          = 2055208960                             {manageable} {ergonomic}
     bool UseCompressedClassPointers               = true                           {product lp64_product} {ergonomic}
     bool UseCompressedOops                        = true                           {product lp64_product} {ergonomic}
     bool UseG1GC                                  = true                                      {product} {ergonomic}
     bool UseLargePagesIndividualAllocation        = false                                  {pd product} {ergonomic}

Logging:
Log output configuration:
 #0: stdout all=warning uptime,level,tags
 #1: stderr all=off uptime,level,tags

Environment Variables:
PATH=C:\Program Files\Common Files\Oracle\Java\javapath;C:\Windows\system32;C:\Windows;C:\Windows\System32\Wbem;C:\Windows\System32\WindowsPowerShell\v1.0\;C:\Windows\System32\OpenSSH\;C:\Program Files\Docker\Docker\resources\bin;C:\Program Files\Git\cmd;C:\Users\ADMIN\AppData\Local\Microsoft\WindowsApps;C:\Program Files\JetBrains\IntelliJ IDEA Community Edition 2025.2.1\bin;C:\Users\ADMIN\AppData\Local\Programs\Microsoft VS Code\bin
USERNAME=ADMIN
OS=Windows_NT
PROCESSOR_IDENTIFIER=Intel64 Family 6 Model 140 Stepping 2, GenuineIntel



---------------  S Y S T E M  ---------------

OS:
 Windows 11 , 64 bit Build 22621 (10.0.22621.3958)
OS uptime: 9 days 17:36 hours
Hyper-V role detected

CPU: total 8 (initial active 8) (4 cores per cpu, 2 threads per core) family 6 model 140 stepping 2 microcode 0x34, cx8, cmov, fxsr, ht, mmx, 3dnowpref, sse, sse2, sse3, ssse3, sse4.1, sse4.2, popcnt, lzcnt, tsc, tscinvbit, avx, avx2, aes, erms, clmul, bmi1, bmi2, adx, avx512f, avx512dq, avx512cd, avx512bw, avx512vl, sha, fma, vzeroupper, avx512_vpopcntdq, avx512_vpclmulqdq, avx512_vaes, avx512_vnni, clflush, clflushopt, clwb, avx512_vbmi2, avx512_vbmi, hv

Memory: 4k page, system-wide physical 7834M (545M free)
TotalPageFile size 21141M (AvailPageFile size 3M)
current process WorkingSet (physical memory assigned to process): 153M, peak: 153M
current process commit charge ("private bytes"): 295M, peak: 295M

vm_info: Java HotSpot(TM) 64-Bit Server VM (17.0.12+8-LTS-286) for windows-amd64 JRE (17.0.12+8-LTS-286), built on Jun  5 2024 06:46:59 by "mach5one" with MS VC++ 17.6 (VS2022)

END.
